[0.009s] Invoking command in '/home/megsindelar/Final_Project/raspberry_pi_ws/build/turtlebot_control': CMAKE_PREFIX_PATH=${CMAKE_PREFIX_PATH}:/home/megsindelar/ME_495/Final_Proj/install/attack_of_the_franka:/home/megsindelar/ME_495/Final_Proj/install/moveit_testing:/opt/ros/humble /usr/bin/cmake --build /home/megsindelar/Final_Project/raspberry_pi_ws/build/turtlebot_control -- -j8 -l8
[0.040s] [35m[1mConsolidate compiler generated dependencies of target turtlebot_control[0m
[0.052s] [ 50%] [32mBuilding CXX object CMakeFiles/turtlebot_control.dir/src/turtlebot_control.cpp.o[0m
[1.589s] [01m[K/home/megsindelar/Final_Project/raspberry_pi_ws/src/turtlebot_control/src/turtlebot_control.cpp:103:19:[m[K [01;31m[Kerror: [m[Kexpected identifier before numeric constant
[1.589s]   103 |             sleep([01;31m[K10[m[K);
[1.589s]       |                   [01;31m[K^~[m[K
[1.589s] [01m[K/home/megsindelar/Final_Project/raspberry_pi_ws/src/turtlebot_control/src/turtlebot_control.cpp:103:19:[m[K [01;31m[Kerror: [m[Kexpected â€˜[01m[K,[m[Kâ€™ or â€˜[01m[K...[m[Kâ€™ before numeric constant
[1.589s] [01m[K/home/megsindelar/Final_Project/raspberry_pi_ws/src/turtlebot_control/src/turtlebot_control.cpp:103:13:[m[K [01;31m[Kerror: [m[KISO C++ forbids declaration of â€˜[01m[Ksleep[m[Kâ€™ with no type [[01;31m[K]8;;https://gcc.gnu.org/onlinedocs/gcc/Warning-Options.html#index-fpermissive-fpermissive]8;;[m[K]
[1.589s]   103 |             [01;31m[Ksleep[m[K(10);
[1.589s]       |             [01;31m[K^~~~~[m[K
[1.598s] [01m[K/home/megsindelar/Final_Project/raspberry_pi_ws/src/turtlebot_control/src/turtlebot_control.cpp:[m[K In constructor â€˜[01m[KImgTransform::ImgTransform()[m[Kâ€™:
[1.598s] [01m[K/home/megsindelar/Final_Project/raspberry_pi_ws/src/turtlebot_control/src/turtlebot_control.cpp:23:9:[m[K [01;31m[Kerror: [m[Kâ€˜[01m[Kpub_current_img_[m[Kâ€™ was not declared in this scope
[1.598s]    23 |         [01;31m[Kpub_current_img_[m[K = std::make_shared<image_transport::CameraPublisher>(
[1.598s]       |         [01;31m[K^~~~~~~~~~~~~~~~[m[K
[1.609s] [01m[K/home/megsindelar/Final_Project/raspberry_pi_ws/src/turtlebot_control/src/turtlebot_control.cpp:34:9:[m[K [01;31m[Kerror: [m[Kâ€˜[01m[Ktimer_[m[Kâ€™ was not declared in this scope; did you mean â€˜[01m[Ktimer_t[m[Kâ€™?
[1.609s]    34 |         [01;31m[Ktimer_[m[K = create_wall_timer(
[1.609s]       |         [01;31m[K^~~~~~[m[K
[1.609s]       |         [32m[Ktimer_t[m[K
[1.621s] [01m[K/home/megsindelar/Final_Project/raspberry_pi_ws/src/turtlebot_control/src/turtlebot_control.cpp:[m[K In member function â€˜[01m[Kvoid ImgTransform::timer_callback()[m[Kâ€™:
[1.621s] [01m[K/home/megsindelar/Final_Project/raspberry_pi_ws/src/turtlebot_control/src/turtlebot_control.cpp:43:13:[m[K [01;31m[Kerror: [m[Kâ€˜[01m[Kcam_info_[m[Kâ€™ was not declared in this scope
[1.621s]    43 |             [01;31m[Kcam_info_[m[K.header = header;
[1.621s]       |             [01;31m[K^~~~~~~~~[m[K
[1.630s] [01m[K/home/megsindelar/Final_Project/raspberry_pi_ws/src/turtlebot_control/src/turtlebot_control.cpp:99:17:[m[K [01;31m[Kerror: [m[Kâ€˜[01m[Kpub_current_img_[m[Kâ€™ was not declared in this scope
[1.630s]    99 |                 [01;31m[Kpub_current_img_[m[K->publish(*(cv_bridge::CvImage(header, "bgr8", current_frame).toImageMsg()), cam_info_);
[1.630s]       |                 [01;31m[K^~~~~~~~~~~~~~~~[m[K
[1.632s] [01m[K/home/megsindelar/Final_Project/raspberry_pi_ws/src/turtlebot_control/src/turtlebot_control.cpp:[m[K At global scope:
[1.632s] [01m[K/home/megsindelar/Final_Project/raspberry_pi_ws/src/turtlebot_control/src/turtlebot_control.cpp:106:38:[m[K [01;31m[Kerror: [m[Kexpected initializer before â€˜[01m[Ktimer_[m[Kâ€™
[1.632s]   106 |         rclcpp::TimerBase::SharedPtr [01;31m[Ktimer_[m[K;
[1.632s]       |                                      [01;31m[K^~~~~~[m[K
[1.632s] [01m[K/home/megsindelar/Final_Project/raspberry_pi_ws/src/turtlebot_control/src/turtlebot_control.cpp:109:1:[m[K [01;31m[Kerror: [m[Kexpected declaration before â€˜[01m[K}[m[Kâ€™ token
[1.632s]   109 | [01;31m[K}[m[K;
[1.632s]       | [01;31m[K^[m[K
[1.958s] gmake[2]: *** [CMakeFiles/turtlebot_control.dir/build.make:76: CMakeFiles/turtlebot_control.dir/src/turtlebot_control.cpp.o] Error 1
[1.958s] gmake[1]: *** [CMakeFiles/Makefile2:137: CMakeFiles/turtlebot_control.dir/all] Error 2
[1.958s] gmake: *** [Makefile:146: all] Error 2
[1.960s] Invoked command in '/home/megsindelar/Final_Project/raspberry_pi_ws/build/turtlebot_control' returned '2': CMAKE_PREFIX_PATH=${CMAKE_PREFIX_PATH}:/home/megsindelar/ME_495/Final_Proj/install/attack_of_the_franka:/home/megsindelar/ME_495/Final_Proj/install/moveit_testing:/opt/ros/humble /usr/bin/cmake --build /home/megsindelar/Final_Project/raspberry_pi_ws/build/turtlebot_control -- -j8 -l8
