[01m[K/home/megsindelar/Final_Project/raspberry_pi_ws/src/turtlebot_control/src/turtlebot_control.cpp:[m[K In member function â€˜[01m[Kvoid ImgTransform::timer_callback()[m[Kâ€™:
[01m[K/home/megsindelar/Final_Project/raspberry_pi_ws/src/turtlebot_control/src/turtlebot_control.cpp:55:17:[m[K [01;31m[Kerror: [m[Kâ€˜[01m[Kcerr[m[Kâ€™ was not declared in this scope; did you mean â€˜[01m[Kstd::cerr[m[Kâ€™?
   55 |                 [01;31m[Kcerr[m[K << "ERROR! Unable to open camera\n";
      |                 [01;31m[K^~~~[m[K
      |                 [32m[Kstd::cerr[m[K
In file included from [01m[K/home/megsindelar/Final_Project/raspberry_pi_ws/src/turtlebot_control/src/turtlebot_control.cpp:1[m[K:
[01m[K/usr/include/c++/11/iostream:62:18:[m[K [01;36m[Knote: [m[Kâ€˜[01m[Kstd::cerr[m[Kâ€™ declared here
   62 |   extern ostream [01;36m[Kcerr[m[K;          /// Linked to standard error (unbuffered)
      |                  [01;36m[K^~~~[m[K
[01m[K/home/megsindelar/Final_Project/raspberry_pi_ws/src/turtlebot_control/src/turtlebot_control.cpp:56:24:[m[K [01;31m[Kerror: [m[Kreturn-statement with a value, in function returning â€˜[01m[Kvoid[m[Kâ€™ [[01;31m[K]8;;https://gcc.gnu.org/onlinedocs/gcc/Warning-Options.html#index-fpermissive-fpermissive]8;;[m[K]
   56 |                 return [01;31m[K-1[m[K;
      |                        [01;31m[K^~[m[K
[01m[K/home/megsindelar/Final_Project/raspberry_pi_ws/src/turtlebot_control/src/turtlebot_control.cpp:59:22:[m[K [01;31m[Kerror: [m[Kâ€˜[01m[Kframe[m[Kâ€™ was not declared in this scope
   59 |             cap.read([01;31m[Kframe[m[K);
      |                      [01;31m[K^~~~~[m[K
[01m[K/home/megsindelar/Final_Project/raspberry_pi_ws/src/turtlebot_control/src/turtlebot_control.cpp:62:17:[m[K [01;31m[Kerror: [m[Kâ€˜[01m[Kcerr[m[Kâ€™ was not declared in this scope; did you mean â€˜[01m[Kstd::cerr[m[Kâ€™?
   62 |                 [01;31m[Kcerr[m[K << "ERROR! blank frame grabbed\n";
      |                 [01;31m[K^~~~[m[K
      |                 [32m[Kstd::cerr[m[K
In file included from [01m[K/home/megsindelar/Final_Project/raspberry_pi_ws/src/turtlebot_control/src/turtlebot_control.cpp:1[m[K:
[01m[K/usr/include/c++/11/iostream:62:18:[m[K [01;36m[Knote: [m[Kâ€˜[01m[Kstd::cerr[m[Kâ€™ declared here
   62 |   extern ostream [01;36m[Kcerr[m[K;          /// Linked to standard error (unbuffered)
      |                  [01;36m[K^~~~[m[K
[01m[K/home/megsindelar/Final_Project/raspberry_pi_ws/src/turtlebot_control/src/turtlebot_control.cpp:102:9:[m[K [01;31m[Kerror: [m[Kexpected â€˜[01m[K;[m[Kâ€™ before â€˜[01m[K}[m[Kâ€™ token
  102 |         [01;31m[K}[m[K
      |         [01;31m[K^[m[K
gmake[2]: *** [CMakeFiles/turtlebot_control.dir/build.make:76: CMakeFiles/turtlebot_control.dir/src/turtlebot_control.cpp.o] Error 1
gmake[1]: *** [CMakeFiles/Makefile2:137: CMakeFiles/turtlebot_control.dir/all] Error 2
gmake: *** [Makefile:146: all] Error 2
