[01m[K/home/megsindelar/Final_Project/raspberry_pi_ws/src/turtlebot_control/src/turtlebot_control.cpp:117:2:[m[K [01;31m[Kerror: [m[Kexpected â€˜[01m[K}[m[Kâ€™ at end of input
  117 | }
      |  [01;31m[K^[m[K
[01m[K/home/megsindelar/Final_Project/raspberry_pi_ws/src/turtlebot_control/src/turtlebot_control.cpp:16:1:[m[K [01;36m[Knote: [m[Kto match this â€˜[01m[K{[m[Kâ€™
   16 | [01;36m[K{[m[K
      | [01;36m[K^[m[K
[01m[K/home/megsindelar/Final_Project/raspberry_pi_ws/src/turtlebot_control/src/turtlebot_control.cpp:[m[K In constructor â€˜[01m[KTurtlebotControl::TurtlebotControl()[m[Kâ€™:
[01m[K/home/megsindelar/Final_Project/raspberry_pi_ws/src/turtlebot_control/src/turtlebot_control.cpp:23:9:[m[K [01;31m[Kerror: [m[Kâ€˜[01m[Kpub_current_img_[m[Kâ€™ was not declared in this scope
   23 |         [01;31m[Kpub_current_img_[m[K = std::make_shared<image_transport::CameraPublisher>(
      |         [01;31m[K^~~~~~~~~~~~~~~~[m[K
[01m[K/home/megsindelar/Final_Project/raspberry_pi_ws/src/turtlebot_control/src/turtlebot_control.cpp:34:9:[m[K [01;31m[Kerror: [m[Kâ€˜[01m[Ktimer_[m[Kâ€™ was not declared in this scope; did you mean â€˜[01m[Ktimer_t[m[Kâ€™?
   34 |         [01;31m[Ktimer_[m[K = create_wall_timer(
      |         [01;31m[K^~~~~~[m[K
      |         [32m[Ktimer_t[m[K
[01m[K/home/megsindelar/Final_Project/raspberry_pi_ws/src/turtlebot_control/src/turtlebot_control.cpp:[m[K In member function â€˜[01m[Kvoid TurtlebotControl::timer_callback()[m[Kâ€™:
[01m[K/home/megsindelar/Final_Project/raspberry_pi_ws/src/turtlebot_control/src/turtlebot_control.cpp:43:13:[m[K [01;31m[Kerror: [m[Kâ€˜[01m[Kcam_info_[m[Kâ€™ was not declared in this scope
   43 |             [01;31m[Kcam_info_[m[K.header = header;
      |             [01;31m[K^~~~~~~~~[m[K
[01m[K/home/megsindelar/Final_Project/raspberry_pi_ws/src/turtlebot_control/src/turtlebot_control.cpp:99:13:[m[K [01;31m[Kerror: [m[Kâ€˜[01m[Kpub_current_img_[m[Kâ€™ was not declared in this scope
   99 |             [01;31m[Kpub_current_img_[m[K->publish(*(cv_bridge::CvImage(header, "bgr8", current_frame).toImageMsg()), cam_info_);
      |             [01;31m[K^~~~~~~~~~~~~~~~[m[K
[01m[K/home/megsindelar/Final_Project/raspberry_pi_ws/src/turtlebot_control/src/turtlebot_control.cpp:[m[K At global scope:
[01m[K/home/megsindelar/Final_Project/raspberry_pi_ws/src/turtlebot_control/src/turtlebot_control.cpp:117:2:[m[K [01;31m[Kerror: [m[Kexpected unqualified-id at end of input
  117 | }
      |  [01;31m[K^[m[K
gmake[2]: *** [CMakeFiles/turtlebot_control.dir/build.make:76: CMakeFiles/turtlebot_control.dir/src/turtlebot_control.cpp.o] Error 1
gmake[1]: *** [CMakeFiles/Makefile2:137: CMakeFiles/turtlebot_control.dir/all] Error 2
gmake: *** [Makefile:146: all] Error 2
