[0.010s] Invoking command in '/home/megsindelar/Final_Project/raspberry_pi_ws/build/turtlebot_control': CMAKE_PREFIX_PATH=${CMAKE_PREFIX_PATH}:/home/megsindelar/ME_495/Final_Proj/install/attack_of_the_franka:/home/megsindelar/ME_495/Final_Proj/install/moveit_testing:/opt/ros/humble /usr/bin/cmake --build /home/megsindelar/Final_Project/raspberry_pi_ws/build/turtlebot_control -- -j8 -l8
[0.046s] [ 50%] [32mBuilding CXX object CMakeFiles/turtlebot_control.dir/src/turtlebot_control.cpp.o[0m
[1.625s] [01m[K/home/megsindelar/Final_Project/raspberry_pi_ws/src/turtlebot_control/src/turtlebot_control.cpp:117:2:[m[K [01;31m[Kerror: [m[Kexpected â€˜[01m[K}[m[Kâ€™ at end of input
[1.625s]   117 | }
[1.626s]       |  [01;31m[K^[m[K
[1.626s] [01m[K/home/megsindelar/Final_Project/raspberry_pi_ws/src/turtlebot_control/src/turtlebot_control.cpp:16:1:[m[K [01;36m[Knote: [m[Kto match this â€˜[01m[K{[m[Kâ€™
[1.626s]    16 | [01;36m[K{[m[K
[1.626s]       | [01;36m[K^[m[K
[1.635s] [01m[K/home/megsindelar/Final_Project/raspberry_pi_ws/src/turtlebot_control/src/turtlebot_control.cpp:[m[K In constructor â€˜[01m[KTurtlebotControl::TurtlebotControl()[m[Kâ€™:
[1.635s] [01m[K/home/megsindelar/Final_Project/raspberry_pi_ws/src/turtlebot_control/src/turtlebot_control.cpp:23:9:[m[K [01;31m[Kerror: [m[Kâ€˜[01m[Kpub_current_img_[m[Kâ€™ was not declared in this scope
[1.635s]    23 |         [01;31m[Kpub_current_img_[m[K = std::make_shared<image_transport::CameraPublisher>(
[1.635s]       |         [01;31m[K^~~~~~~~~~~~~~~~[m[K
[1.646s] [01m[K/home/megsindelar/Final_Project/raspberry_pi_ws/src/turtlebot_control/src/turtlebot_control.cpp:34:9:[m[K [01;31m[Kerror: [m[Kâ€˜[01m[Ktimer_[m[Kâ€™ was not declared in this scope; did you mean â€˜[01m[Ktimer_t[m[Kâ€™?
[1.646s]    34 |         [01;31m[Ktimer_[m[K = create_wall_timer(
[1.646s]       |         [01;31m[K^~~~~~[m[K
[1.646s]       |         [32m[Ktimer_t[m[K
[1.657s] [01m[K/home/megsindelar/Final_Project/raspberry_pi_ws/src/turtlebot_control/src/turtlebot_control.cpp:[m[K In member function â€˜[01m[Kvoid TurtlebotControl::timer_callback()[m[Kâ€™:
[1.657s] [01m[K/home/megsindelar/Final_Project/raspberry_pi_ws/src/turtlebot_control/src/turtlebot_control.cpp:43:13:[m[K [01;31m[Kerror: [m[Kâ€˜[01m[Kcam_info_[m[Kâ€™ was not declared in this scope
[1.657s]    43 |             [01;31m[Kcam_info_[m[K.header = header;
[1.657s]       |             [01;31m[K^~~~~~~~~[m[K
[1.667s] [01m[K/home/megsindelar/Final_Project/raspberry_pi_ws/src/turtlebot_control/src/turtlebot_control.cpp:99:13:[m[K [01;31m[Kerror: [m[Kâ€˜[01m[Kpub_current_img_[m[Kâ€™ was not declared in this scope
[1.667s]    99 |             [01;31m[Kpub_current_img_[m[K->publish(*(cv_bridge::CvImage(header, "bgr8", current_frame).toImageMsg()), cam_info_);
[1.667s]       |             [01;31m[K^~~~~~~~~~~~~~~~[m[K
[1.671s] [01m[K/home/megsindelar/Final_Project/raspberry_pi_ws/src/turtlebot_control/src/turtlebot_control.cpp:[m[K At global scope:
[1.671s] [01m[K/home/megsindelar/Final_Project/raspberry_pi_ws/src/turtlebot_control/src/turtlebot_control.cpp:117:2:[m[K [01;31m[Kerror: [m[Kexpected unqualified-id at end of input
[1.671s]   117 | }
[1.671s]       |  [01;31m[K^[m[K
[1.994s] gmake[2]: *** [CMakeFiles/turtlebot_control.dir/build.make:76: CMakeFiles/turtlebot_control.dir/src/turtlebot_control.cpp.o] Error 1
[1.994s] gmake[1]: *** [CMakeFiles/Makefile2:137: CMakeFiles/turtlebot_control.dir/all] Error 2
[1.994s] gmake: *** [Makefile:146: all] Error 2
[1.996s] Invoked command in '/home/megsindelar/Final_Project/raspberry_pi_ws/build/turtlebot_control' returned '2': CMAKE_PREFIX_PATH=${CMAKE_PREFIX_PATH}:/home/megsindelar/ME_495/Final_Proj/install/attack_of_the_franka:/home/megsindelar/ME_495/Final_Proj/install/moveit_testing:/opt/ros/humble /usr/bin/cmake --build /home/megsindelar/Final_Project/raspberry_pi_ws/build/turtlebot_control -- -j8 -l8
