[0.006s] Invoking command in '/home/megsindelar/Final_Project/raspberry_pi_ws/build/turtlebot_control': CMAKE_PREFIX_PATH=${CMAKE_PREFIX_PATH}:/home/megsindelar/ME_495/Final_Proj/install/attack_of_the_franka:/home/megsindelar/ME_495/Final_Proj/install/moveit_testing:/opt/ros/humble /usr/bin/cmake --build /home/megsindelar/Final_Project/raspberry_pi_ws/build/turtlebot_control -- -j8 -l8
[0.045s] [ 50%] [32mBuilding CXX object CMakeFiles/turtlebot_control.dir/src/turtlebot_control.cpp.o[0m
[1.658s] [01m[K/home/megsindelar/Final_Project/raspberry_pi_ws/src/turtlebot_control/src/turtlebot_control.cpp:[m[K In member function â€˜[01m[Kvoid ImgTransform::timer_callback()[m[Kâ€™:
[1.658s] [01m[K/home/megsindelar/Final_Project/raspberry_pi_ws/src/turtlebot_control/src/turtlebot_control.cpp:67:34:[m[K [01;31m[Kerror: [m[Kâ€˜[01m[KIMWRITE_PNG_COMPRESSION[m[Kâ€™ was not declared in this scope; did you mean â€˜[01m[Kcv::IMWRITE_PNG_COMPRESSION[m[Kâ€™?
[1.658s]    67 |                 params.push_back([01;31m[KIMWRITE_PNG_COMPRESSION[m[K);
[1.658s]       |                                  [01;31m[K^~~~~~~~~~~~~~~~~~~~~~~[m[K
[1.659s]       |                                  [32m[Kcv::IMWRITE_PNG_COMPRESSION[m[K
[1.659s] In file included from [01m[K/usr/include/opencv4/opencv2/highgui.hpp:48[m[K,
[1.659s]                  from [01m[K/home/megsindelar/Final_Project/raspberry_pi_ws/src/turtlebot_control/src/turtlebot_control.cpp:6[m[K:
[1.659s] [01m[K/usr/include/opencv4/opencv2/imgcodecs.hpp:93:8:[m[K [01;36m[Knote: [m[Kâ€˜[01m[Kcv::IMWRITE_PNG_COMPRESSION[m[Kâ€™ declared here
[1.659s]    93 |        [01;36m[KIMWRITE_PNG_COMPRESSION[m[K     = 16, //!< For PNG, it can be the compression level from 0 to 9. A higher value means a smaller size and longer compression time. If specified, strategy is changed to IMWRITE_PNG_STRATEGY_DEFAULT (Z_DEFAULT_STRATEGY). Default value is 1 (best speed setting).
[1.659s]       |        [01;36m[K^~~~~~~~~~~~~~~~~~~~~~~[m[K
[1.659s] [01m[K/home/megsindelar/Final_Project/raspberry_pi_ws/src/turtlebot_control/src/turtlebot_control.cpp:74:30:[m[K [01;31m[Kerror: [m[KISO C++ forbids declaration of â€˜[01m[KException[m[Kâ€™ with no type [[01;31m[K]8;;https://gcc.gnu.org/onlinedocs/gcc/Warning-Options.html#index-fpermissive-fpermissive]8;;[m[K]
[1.659s]    74 |                 catch (const [01;31m[KException[m[K& ex)
[1.659s]       |                              [01;31m[K^~~~~~~~~[m[K
[1.659s] [01m[K/home/megsindelar/Final_Project/raspberry_pi_ws/src/turtlebot_control/src/turtlebot_control.cpp:74:39:[m[K [01;31m[Kerror: [m[Kexpected â€˜[01m[K)[m[Kâ€™ before â€˜[01m[K&[m[Kâ€™ token
[1.659s]    74 |                 catch (const Exception[01;31m[K&[m[K ex)
[1.659s]       |                                       [01;31m[K^[m[K
[1.659s] [01m[K/home/megsindelar/Final_Project/raspberry_pi_ws/src/turtlebot_control/src/turtlebot_control.cpp:74:23:[m[K [01;36m[Knote: [m[Kto match this â€˜[01m[K([m[Kâ€™
[1.659s]    74 |                 catch [01;36m[K([m[Kconst Exception& ex)
[1.659s]       |                       [01;36m[K^[m[K
[1.659s] [01m[K/home/megsindelar/Final_Project/raspberry_pi_ws/src/turtlebot_control/src/turtlebot_control.cpp:74:39:[m[K [01;31m[Kerror: [m[Kexpected â€˜[01m[K{[m[Kâ€™ before â€˜[01m[K&[m[Kâ€™ token
[1.659s]    74 |                 catch (const Exception[01;31m[K&[m[K ex)
[1.659s]       |                                       [01;31m[K^[m[K
[1.663s] [01m[K/home/megsindelar/Final_Project/raspberry_pi_ws/src/turtlebot_control/src/turtlebot_control.cpp:74:41:[m[K [01;31m[Kerror: [m[Kâ€˜[01m[Kex[m[Kâ€™ was not declared in this scope; did you mean â€˜[01m[Kexp[m[Kâ€™?
[1.663s]    74 |                 catch (const Exception& [01;31m[Kex[m[K)
[1.663s]       |                                         [01;31m[K^~[m[K
[1.663s]       |                                         [32m[Kexp[m[K
[2.001s] gmake[2]: *** [CMakeFiles/turtlebot_control.dir/build.make:76: CMakeFiles/turtlebot_control.dir/src/turtlebot_control.cpp.o] Error 1
[2.001s] gmake[1]: *** [CMakeFiles/Makefile2:137: CMakeFiles/turtlebot_control.dir/all] Error 2
[2.002s] gmake: *** [Makefile:146: all] Error 2
[2.004s] Invoked command in '/home/megsindelar/Final_Project/raspberry_pi_ws/build/turtlebot_control' returned '2': CMAKE_PREFIX_PATH=${CMAKE_PREFIX_PATH}:/home/megsindelar/ME_495/Final_Proj/install/attack_of_the_franka:/home/megsindelar/ME_495/Final_Proj/install/moveit_testing:/opt/ros/humble /usr/bin/cmake --build /home/megsindelar/Final_Project/raspberry_pi_ws/build/turtlebot_control -- -j8 -l8
