[0.011s] Invoking command in '/home/megsindelar/Final_Project/raspberry_pi_ws/build/turtlebot_control': CMAKE_PREFIX_PATH=${CMAKE_PREFIX_PATH}:/home/megsindelar/ME_495/Final_Proj/install/attack_of_the_franka:/home/megsindelar/ME_495/Final_Proj/install/moveit_testing:/opt/ros/humble /usr/bin/cmake --build /home/megsindelar/Final_Project/raspberry_pi_ws/build/turtlebot_control -- -j8 -l8
[0.039s] [35m[1mConsolidate compiler generated dependencies of target turtlebot_control[0m
[0.051s] [ 50%] [32mBuilding CXX object CMakeFiles/turtlebot_control.dir/src/turtlebot_control.cpp.o[0m
[1.686s] [01m[K/home/megsindelar/Final_Project/raspberry_pi_ws/src/turtlebot_control/src/turtlebot_control.cpp:[m[K In member function â€˜[01m[Kvoid ImgTransform::timer_callback()[m[Kâ€™:
[1.687s] [01m[K/home/megsindelar/Final_Project/raspberry_pi_ws/src/turtlebot_control/src/turtlebot_control.cpp:74:30:[m[K [01;31m[Kerror: [m[KISO C++ forbids declaration of â€˜[01m[KException[m[Kâ€™ with no type [[01;31m[K]8;;https://gcc.gnu.org/onlinedocs/gcc/Warning-Options.html#index-fpermissive-fpermissive]8;;[m[K]
[1.687s]    74 |                 catch (const [01;31m[KException[m[K& ex)
[1.687s]       |                              [01;31m[K^~~~~~~~~[m[K
[1.687s] [01m[K/home/megsindelar/Final_Project/raspberry_pi_ws/src/turtlebot_control/src/turtlebot_control.cpp:74:39:[m[K [01;31m[Kerror: [m[Kexpected â€˜[01m[K)[m[Kâ€™ before â€˜[01m[K&[m[Kâ€™ token
[1.687s]    74 |                 catch (const Exception[01;31m[K&[m[K ex)
[1.687s]       |                                       [01;31m[K^[m[K
[1.687s] [01m[K/home/megsindelar/Final_Project/raspberry_pi_ws/src/turtlebot_control/src/turtlebot_control.cpp:74:23:[m[K [01;36m[Knote: [m[Kto match this â€˜[01m[K([m[Kâ€™
[1.687s]    74 |                 catch [01;36m[K([m[Kconst Exception& ex)
[1.687s]       |                       [01;36m[K^[m[K
[1.687s] [01m[K/home/megsindelar/Final_Project/raspberry_pi_ws/src/turtlebot_control/src/turtlebot_control.cpp:74:39:[m[K [01;31m[Kerror: [m[Kexpected â€˜[01m[K{[m[Kâ€™ before â€˜[01m[K&[m[Kâ€™ token
[1.687s]    74 |                 catch (const Exception[01;31m[K&[m[K ex)
[1.687s]       |                                       [01;31m[K^[m[K
[1.691s] [01m[K/home/megsindelar/Final_Project/raspberry_pi_ws/src/turtlebot_control/src/turtlebot_control.cpp:74:41:[m[K [01;31m[Kerror: [m[Kâ€˜[01m[Kex[m[Kâ€™ was not declared in this scope; did you mean â€˜[01m[Kexp[m[Kâ€™?
[1.691s]    74 |                 catch (const Exception& [01;31m[Kex[m[K)
[1.691s]       |                                         [01;31m[K^~[m[K
[1.691s]       |                                         [32m[Kexp[m[K
[2.033s] gmake[2]: *** [CMakeFiles/turtlebot_control.dir/build.make:76: CMakeFiles/turtlebot_control.dir/src/turtlebot_control.cpp.o] Error 1
[2.033s] gmake[1]: *** [CMakeFiles/Makefile2:137: CMakeFiles/turtlebot_control.dir/all] Error 2
[2.033s] gmake: *** [Makefile:146: all] Error 2
[2.035s] Invoked command in '/home/megsindelar/Final_Project/raspberry_pi_ws/build/turtlebot_control' returned '2': CMAKE_PREFIX_PATH=${CMAKE_PREFIX_PATH}:/home/megsindelar/ME_495/Final_Proj/install/attack_of_the_franka:/home/megsindelar/ME_495/Final_Proj/install/moveit_testing:/opt/ros/humble /usr/bin/cmake --build /home/megsindelar/Final_Project/raspberry_pi_ws/build/turtlebot_control -- -j8 -l8
